2018-11-21 15:43:30,104 INFO o.a.j.u.JMeterUtils: Setting Locale to en_EN
2018-11-21 15:43:30,160 INFO o.a.j.JMeter: Loading user properties from: /simulap-plugin-sip/apache-jmeter-4.0/bin/user.properties
2018-11-21 15:43:30,161 INFO o.a.j.JMeter: Loading system properties from: /simulap-plugin-sip/apache-jmeter-4.0/bin/system.properties
2018-11-21 15:43:30,161 INFO o.a.j.JMeter: Setting JMeter property: search_paths=/simulap-plugin-sip/target
2018-11-21 15:43:30,161 INFO o.a.j.JMeter: Setting JMeter property: plugin_dependency_paths=/simulap-plugin-sip/target/dependencies;/simulap-plugin-sip/sys/lib
2018-11-21 15:43:30,161 INFO o.a.j.JMeter: Setting System property: user.dir=/simulap-plugin-sip/resources/opt/simulap_manager/simulap/simulap-jmeter-sip/test
2018-11-21 15:43:30,172 INFO o.a.j.JMeter: Copyright (c) 1998-2018 The Apache Software Foundation
2018-11-21 15:43:30,172 INFO o.a.j.JMeter: Version 4.0 r1823414
2018-11-21 15:43:30,172 INFO o.a.j.JMeter: java.version=1.8.0_181
2018-11-21 15:43:30,173 INFO o.a.j.JMeter: java.vm.name=OpenJDK 64-Bit Server VM
2018-11-21 15:43:30,173 INFO o.a.j.JMeter: os.name=Linux
2018-11-21 15:43:30,173 INFO o.a.j.JMeter: os.arch=amd64
2018-11-21 15:43:30,173 INFO o.a.j.JMeter: os.version=4.4.0-96-generic
2018-11-21 15:43:30,173 INFO o.a.j.JMeter: file.encoding=UTF-8
2018-11-21 15:43:30,174 INFO o.a.j.JMeter: Max memory     =1073741824
2018-11-21 15:43:30,174 INFO o.a.j.JMeter: Available Processors =8
2018-11-21 15:43:30,188 INFO o.a.j.JMeter: Default Locale=English (EN)
2018-11-21 15:43:30,190 INFO o.a.j.JMeter: JMeter  Locale=English (EN)
2018-11-21 15:43:30,190 INFO o.a.j.JMeter: JMeterHome=/simulap-plugin-sip/apache-jmeter-4.0
2018-11-21 15:43:30,190 INFO o.a.j.JMeter: user.dir  =/simulap-plugin-sip/resources/opt/simulap_manager/simulap/simulap-jmeter-sip/test
2018-11-21 15:43:30,191 INFO o.a.j.JMeter: PWD       =/simulap-plugin-sip/resources/opt/simulap_manager/simulap/simulap-jmeter-sip/test
2018-11-21 15:43:30,192 INFO o.a.j.JMeter: IP: 172.17.0.2 Name: aae71978738a FullName: aae71978738a
2018-11-21 15:43:30,192 INFO o.a.j.JMeter: search_paths=/simulap-plugin-sip/target
2018-11-21 15:43:30,193 INFO o.a.j.JMeter: Adding to classpath and loader: /simulap-plugin-sip/target
2018-11-21 15:43:30,195 INFO o.a.j.JMeter: plugin_dependency_paths=/simulap-plugin-sip/target/dependencies;/simulap-plugin-sip/sys/lib
2018-11-21 15:43:30,197 INFO o.a.j.JMeter: Adding to loader: /simulap-plugin-sip/target/dependencies
2018-11-21 15:43:30,198 INFO o.a.j.JMeter: Adding to loader: /simulap-plugin-sip/sys/lib
2018-11-21 15:43:30,248 ERROR o.a.j.JMeter: An error occurred: 
java.awt.HeadlessException: 
No X11 DISPLAY variable was set, but this program performed an operation which requires it.
	at java.awt.GraphicsEnvironment.checkHeadless(GraphicsEnvironment.java:204) ~[?:1.8.0_181]
	at java.awt.Window.<init>(Window.java:536) ~[?:1.8.0_181]
	at java.awt.Frame.<init>(Frame.java:420) ~[?:1.8.0_181]
	at java.awt.Frame.<init>(Frame.java:385) ~[?:1.8.0_181]
	at javax.swing.SwingUtilities$SharedOwnerFrame.<init>(SwingUtilities.java:1763) ~[?:1.8.0_181]
	at javax.swing.SwingUtilities.getSharedOwnerFrame(SwingUtilities.java:1838) ~[?:1.8.0_181]
	at javax.swing.JWindow.<init>(JWindow.java:187) ~[?:1.8.0_181]
	at javax.swing.JWindow.<init>(JWindow.java:139) ~[?:1.8.0_181]
	at org.apache.jmeter.SplashScreen.<init>(SplashScreen.java:45) ~[ApacheJMeter_core.jar:4.0 r1823414]
	at org.apache.jmeter.JMeter.startGui(JMeter.java:356) ~[ApacheJMeter_core.jar:4.0 r1823414]
	at org.apache.jmeter.JMeter.start(JMeter.java:524) [ApacheJMeter_core.jar:4.0 r1823414]
	at sun.reflect.NativeMethodAccessorImpl.invoke0(Native Method) ~[?:1.8.0_181]
	at sun.reflect.NativeMethodAccessorImpl.invoke(NativeMethodAccessorImpl.java:62) ~[?:1.8.0_181]
	at sun.reflect.DelegatingMethodAccessorImpl.invoke(DelegatingMethodAccessorImpl.java:43) ~[?:1.8.0_181]
	at java.lang.reflect.Method.invoke(Method.java:498) ~[?:1.8.0_181]
	at org.apache.jmeter.NewDriver.main(NewDriver.java:245) [ApacheJMeter.jar:4.0 r1823414]
